# JRE version: OpenJDK Runtime Environment Corretto-21.0.4.7.1 (21.0.4+7) (build 21.0.4+7-LTS)
# Java VM: OpenJDK 64-Bit Server VM Corretto-21.0.4.7.1 (21.0.4+7-LTS, mixed mode, emulated-client, sharing, tiered, compressed oops, compressed class ptrs, g1 gc, windows-amd64)
GC Precious Log:
 CardTable entry size: 512
 Card Set container configuration: InlinePtr #cards 5 size 8 Array Of Cards #cards 12 size 40 Howl #buckets 4 coarsen threshold 1843 Howl Bitmap #cards 512 size 80 coarsen threshold 460 Card regions per heap region 1 cards per card region 2048
 CPUs: 12 total, 12 available
 Memory: 7501M
 Large Page Support: Disabled
 NUMA Support: Disabled
 Compressed Oops: Enabled (32-bit)
 Heap Region Size: 1M
 Heap Min Capacity: 8M
 Heap Initial Capacity: 118M
 Heap Max Capacity: 1876M
 Pre-touch: Disabled
 Parallel Workers: 10
 Concurrent Workers: 3
 Concurrent Refinement Workers: 10
 Periodic GC: Disabled
Heap:
 garbage-first heap   total 121856K, used 56468K [0x000000008ac00000, 0x0000000100000000)
  region size 1024K, 2 young (2048K), 2 survivors (2048K)
 Metaspace       used 72616K, committed 73344K, reserved 1114112K
  class space    used 10525K, committed 10816K, reserved 1048576K
GC Heap History (20 events):
Event: 7.135 GC heap after
{Heap after GC invocations=16 (full 0):
 garbage-first heap   total 70656K, used 35027K [0x000000008ac00000, 0x0000000100000000)
  region size 1024K, 2 young (2048K), 2 survivors (2048K)
 Metaspace       used 56091K, committed 56768K, reserved 1114112K
  class space    used 7662K, committed 7936K, reserved 1048576K
}
Event: 7.699 GC heap before
{Heap before GC invocations=17 (full 0):
 garbage-first heap   total 70656K, used 63699K [0x000000008ac00000, 0x0000000100000000)
  region size 1024K, 30 young (30720K), 2 survivors (2048K)
 Metaspace       used 60495K, committed 61184K, reserved 1114112K
  class space    used 8568K, committed 8896K, reserved 1048576K
}
Event: 7.701 GC heap after
{Heap after GC invocations=18 (full 0):
 garbage-first heap   total 70656K, used 35628K [0x000000008ac00000, 0x0000000100000000)
  region size 1024K, 3 young (3072K), 3 survivors (3072K)
 Metaspace       used 60495K, committed 61184K, reserved 1114112K
  class space    used 8568K, committed 8896K, reserved 1048576K
}
Event: 8.533 GC heap before
{Heap before GC invocations=18 (full 0):
 garbage-first heap   total 70656K, used 62252K [0x000000008ac00000, 0x0000000100000000)
  region size 1024K, 29 young (29696K), 3 survivors (3072K)
 Metaspace       used 64271K, committed 65024K, reserved 1114112K
  class space    used 9156K, committed 9472K, reserved 1048576K
}
Event: 8.538 GC heap after
{Heap after GC invocations=19 (full 0):
 garbage-first heap   total 70656K, used 36537K [0x000000008ac00000, 0x0000000100000000)
  region size 1024K, 3 young (3072K), 3 survivors (3072K)
 Metaspace       used 64271K, committed 65024K, reserved 1114112K
  class space    used 9156K, committed 9472K, reserved 1048576K
}
Event: 9.050 GC heap before
{Heap before GC invocations=19 (full 0):
 garbage-first heap   total 70656K, used 63161K [0x000000008ac00000, 0x0000000100000000)
  region size 1024K, 29 young (29696K), 3 survivors (3072K)
 Metaspace       used 68457K, committed 69184K, reserved 1114112K
  class space    used 9701K, committed 10048K, reserved 1048576K
}
Event: 9.055 GC heap after
{Heap after GC invocations=20 (full 0):
 garbage-first heap   total 70656K, used 38753K [0x000000008ac00000, 0x0000000100000000)
  region size 1024K, 4 young (4096K), 4 survivors (4096K)
 Metaspace       used 68457K, committed 69184K, reserved 1114112K
  class space    used 9701K, committed 10048K, reserved 1048576K
}
Event: 9.356 GC heap before
{Heap before GC invocations=21 (full 0):
 garbage-first heap   total 70656K, used 61281K [0x000000008ac00000, 0x0000000100000000)
  region size 1024K, 27 young (27648K), 4 survivors (4096K)
 Metaspace       used 70944K, committed 71680K, reserved 1114112K
  class space    used 10290K, committed 10624K, reserved 1048576K
}
Event: 9.360 GC heap after
{Heap after GC invocations=22 (full 0):
 garbage-first heap   total 70656K, used 41195K [0x000000008ac00000, 0x0000000100000000)
  region size 1024K, 3 young (3072K), 3 survivors (3072K)
 Metaspace       used 70944K, committed 71680K, reserved 1114112K
  class space    used 10290K, committed 10624K, reserved 1048576K
}
Event: 9.600 GC heap before
{Heap before GC invocations=22 (full 0):
 garbage-first heap   total 70656K, used 61675K [0x000000008ac00000, 0x0000000100000000)
  region size 1024K, 24 young (24576K), 3 survivors (3072K)
 Metaspace       used 72275K, committed 73024K, reserved 1114112K
  class space    used 10476K, committed 10816K, reserved 1048576K
}
Event: 9.604 GC heap after
{Heap after GC invocations=23 (full 0):
 garbage-first heap   total 70656K, used 41257K [0x000000008ac00000, 0x0000000100000000)
  region size 1024K, 2 young (2048K), 2 survivors (2048K)
 Metaspace       used 72275K, committed 73024K, reserved 1114112K
  class space    used 10476K, committed 10816K, reserved 1048576K
}
Event: 9.819 GC heap before
{Heap before GC invocations=23 (full 0):
 garbage-first heap   total 70656K, used 63785K [0x000000008ac00000, 0x0000000100000000)
  region size 1024K, 24 young (24576K), 2 survivors (2048K)
 Metaspace       used 72571K, committed 73344K, reserved 1114112K
  class space    used 10512K, committed 10816K, reserved 1048576K
}
Event: 9.821 GC heap after
{Heap after GC invocations=24 (full 0):
 garbage-first heap   total 70656K, used 42523K [0x000000008ac00000, 0x0000000100000000)
  region size 1024K, 3 young (3072K), 3 survivors (3072K)
 Metaspace       used 72571K, committed 73344K, reserved 1114112K
  class space    used 10512K, committed 10816K, reserved 1048576K
}
Event: 9.884 GC heap before
{Heap before GC invocations=25 (full 0):
 garbage-first heap   total 71680K, used 63003K [0x000000008ac00000, 0x0000000100000000)
  region size 1024K, 23 young (23552K), 3 survivors (3072K)
 Metaspace       used 72576K, committed 73344K, reserved 1114112K
  class space    used 10512K, committed 10816K, reserved 1048576K
}
Event: 9.887 GC heap after
{Heap after GC invocations=26 (full 0):
 garbage-first heap   total 71680K, used 44288K [0x000000008ac00000, 0x0000000100000000)
  region size 1024K, 3 young (3072K), 3 survivors (3072K)
 Metaspace       used 72576K, committed 73344K, reserved 1114112K
  class space    used 10512K, committed 10816K, reserved 1048576K
}
Event: 9.935 GC heap before
{Heap before GC invocations=26 (full 0):
 garbage-first heap   total 71680K, used 63744K [0x000000008ac00000, 0x0000000100000000)
  region size 1024K, 22 young (22528K), 3 survivors (3072K)
 Metaspace       used 72615K, committed 73344K, reserved 1114112K
  class space    used 10524K, committed 10816K, reserved 1048576K
}
Event: 9.940 GC heap after
{Heap after GC invocations=27 (full 0):
 garbage-first heap   total 72704K, used 48060K [0x000000008ac00000, 0x0000000100000000)
  region size 1024K, 3 young (3072K), 3 survivors (3072K)
 Metaspace       used 72615K, committed 73344K, reserved 1114112K
  class space    used 10524K, committed 10816K, reserved 1048576K
}
Event: 9.975 GC heap before
{Heap before GC invocations=27 (full 0):
 garbage-first heap   total 72704K, used 64444K [0x000000008ac00000, 0x0000000100000000)
  region size 1024K, 19 young (19456K), 3 survivors (3072K)
 Metaspace       used 72620K, committed 73344K, reserved 1114112K
  class space    used 10525K, committed 10816K, reserved 1048576K
}
Event: 9.979 GC heap after
{Heap after GC invocations=28 (full 0):
 garbage-first heap   total 72704K, used 52057K [0x000000008ac00000, 0x0000000100000000)
  region size 1024K, 3 young (3072K), 3 survivors (3072K)
 Metaspace       used 72620K, committed 73344K, reserved 1114112K
  class space    used 10525K, committed 10816K, reserved 1048576K
}
Event: 10.020 GC heap before
{Heap before GC invocations=28 (full 0):
 garbage-first heap   total 87040K, used 64345K [0x000000008ac00000, 0x0000000100000000)
  region size 1024K, 15 young (15360K), 3 survivors (3072K)
 Metaspace       used 72616K, committed 73344K, reserved 1114112K
  class space    used 10525K, committed 10816K, reserved 1048576K
}

