# JRE version: OpenJDK Runtime Environment Corretto-21.0.4.7.1 (21.0.4+7) (build 21.0.4+7-LTS)
# Java VM: OpenJDK 64-Bit Server VM Corretto-21.0.4.7.1 (21.0.4+7-LTS, mixed mode, emulated-client, sharing, tiered, compressed oops, compressed class ptrs, g1 gc, windows-amd64)
GC Precious Log:
 CardTable entry size: 512
 Card Set container configuration: InlinePtr #cards 5 size 8 Array Of Cards #cards 12 size 40 Howl #buckets 4 coarsen threshold 1843 Howl Bitmap #cards 512 size 80 coarsen threshold 460 Card regions per heap region 1 cards per card region 2048
 CPUs: 12 total, 12 available
 Memory: 7501M
 Large Page Support: Disabled
 NUMA Support: Disabled
 Compressed Oops: Enabled (32-bit)
 Heap Region Size: 1M
 Heap Min Capacity: 8M
 Heap Initial Capacity: 118M
 Heap Max Capacity: 1876M
 Pre-touch: Disabled
 Parallel Workers: 10
 Concurrent Workers: 3
 Concurrent Refinement Workers: 10
 Periodic GC: Disabled
Heap:
 garbage-first heap   total 123904K, used 69695K [0x000000008ac00000, 0x0000000100000000)
  region size 1024K, 4 young (4096K), 4 survivors (4096K)
 Metaspace       used 73689K, committed 74432K, reserved 1114112K
  class space    used 10673K, committed 11008K, reserved 1048576K
GC Heap History (20 events):
Event: 16.367 GC heap after
{Heap after GC invocations=30 (full 0):
 garbage-first heap   total 65536K, used 40045K [0x000000008ac00000, 0x0000000100000000)
  region size 1024K, 3 young (3072K), 3 survivors (3072K)
 Metaspace       used 72170K, committed 72960K, reserved 1114112K
  class space    used 10476K, committed 10816K, reserved 1048576K
}
Event: 16.626 GC heap before
{Heap before GC invocations=30 (full 0):
 garbage-first heap   total 65536K, used 56429K [0x000000008ac00000, 0x0000000100000000)
  region size 1024K, 19 young (19456K), 3 survivors (3072K)
 Metaspace       used 72413K, committed 73216K, reserved 1114112K
  class space    used 10501K, committed 10816K, reserved 1048576K
}
Event: 16.629 GC heap after
{Heap after GC invocations=31 (full 0):
 garbage-first heap   total 65536K, used 41084K [0x000000008ac00000, 0x0000000100000000)
  region size 1024K, 2 young (2048K), 2 survivors (2048K)
 Metaspace       used 72413K, committed 73216K, reserved 1114112K
  class space    used 10501K, committed 10816K, reserved 1048576K
}
Event: 16.845 GC heap before
{Heap before GC invocations=32 (full 0):
 garbage-first heap   total 70656K, used 58492K [0x000000008ac00000, 0x0000000100000000)
  region size 1024K, 19 young (19456K), 2 survivors (2048K)
 Metaspace       used 72620K, committed 73408K, reserved 1114112K
  class space    used 10528K, committed 10880K, reserved 1048576K
}
Event: 16.848 GC heap after
{Heap after GC invocations=33 (full 0):
 garbage-first heap   total 70656K, used 42253K [0x000000008ac00000, 0x0000000100000000)
  region size 1024K, 3 young (3072K), 3 survivors (3072K)
 Metaspace       used 72620K, committed 73408K, reserved 1114112K
  class space    used 10528K, committed 10880K, reserved 1048576K
}
Event: 16.919 GC heap before
{Heap before GC invocations=33 (full 0):
 garbage-first heap   total 70656K, used 61709K [0x000000008ac00000, 0x0000000100000000)
  region size 1024K, 22 young (22528K), 3 survivors (3072K)
 Metaspace       used 72634K, committed 73408K, reserved 1114112K
  class space    used 10531K, committed 10880K, reserved 1048576K
}
Event: 16.922 GC heap after
{Heap after GC invocations=34 (full 0):
 garbage-first heap   total 70656K, used 42681K [0x000000008ac00000, 0x0000000100000000)
  region size 1024K, 2 young (2048K), 2 survivors (2048K)
 Metaspace       used 72634K, committed 73408K, reserved 1114112K
  class space    used 10531K, committed 10880K, reserved 1048576K
}
Event: 16.981 GC heap before
{Heap before GC invocations=34 (full 0):
 garbage-first heap   total 70656K, used 64185K [0x000000008ac00000, 0x0000000100000000)
  region size 1024K, 23 young (23552K), 2 survivors (2048K)
 Metaspace       used 72686K, committed 73472K, reserved 1114112K
  class space    used 10543K, committed 10880K, reserved 1048576K
}
Event: 16.984 GC heap after
{Heap after GC invocations=35 (full 0):
 garbage-first heap   total 84992K, used 46004K [0x000000008ac00000, 0x0000000100000000)
  region size 1024K, 3 young (3072K), 3 survivors (3072K)
 Metaspace       used 72686K, committed 73472K, reserved 1114112K
  class space    used 10543K, committed 10880K, reserved 1048576K
}
Event: 17.090 GC heap before
{Heap before GC invocations=36 (full 0):
 garbage-first heap   total 84992K, used 76724K [0x000000008ac00000, 0x0000000100000000)
  region size 1024K, 33 young (33792K), 3 survivors (3072K)
 Metaspace       used 72693K, committed 73472K, reserved 1114112K
  class space    used 10544K, committed 10880K, reserved 1048576K
}
Event: 17.095 GC heap after
{Heap after GC invocations=37 (full 0):
 garbage-first heap   total 84992K, used 51071K [0x000000008ac00000, 0x0000000100000000)
  region size 1024K, 5 young (5120K), 5 survivors (5120K)
 Metaspace       used 72693K, committed 73472K, reserved 1114112K
  class space    used 10544K, committed 10880K, reserved 1048576K
}
Event: 17.163 GC heap before
{Heap before GC invocations=37 (full 0):
 garbage-first heap   total 84992K, used 74623K [0x000000008ac00000, 0x0000000100000000)
  region size 1024K, 28 young (28672K), 5 survivors (5120K)
 Metaspace       used 72693K, committed 73472K, reserved 1114112K
  class space    used 10544K, committed 10880K, reserved 1048576K
}
Event: 17.170 GC heap after
{Heap after GC invocations=38 (full 0):
 garbage-first heap   total 88064K, used 58358K [0x000000008ac00000, 0x0000000100000000)
  region size 1024K, 4 young (4096K), 4 survivors (4096K)
 Metaspace       used 72693K, committed 73472K, reserved 1114112K
  class space    used 10544K, committed 10880K, reserved 1048576K
}
Event: 17.227 GC heap before
{Heap before GC invocations=38 (full 0):
 garbage-first heap   total 88064K, used 76790K [0x000000008ac00000, 0x0000000100000000)
  region size 1024K, 22 young (22528K), 4 survivors (4096K)
 Metaspace       used 72693K, committed 73472K, reserved 1114112K
  class space    used 10544K, committed 10880K, reserved 1048576K
}
Event: 17.233 GC heap after
{Heap after GC invocations=39 (full 0):
 garbage-first heap   total 88064K, used 64648K [0x000000008ac00000, 0x0000000100000000)
  region size 1024K, 3 young (3072K), 3 survivors (3072K)
 Metaspace       used 72693K, committed 73472K, reserved 1114112K
  class space    used 10544K, committed 10880K, reserved 1048576K
}
Event: 17.293 GC heap before
{Heap before GC invocations=39 (full 0):
 garbage-first heap   total 109568K, used 76936K [0x000000008ac00000, 0x0000000100000000)
  region size 1024K, 15 young (15360K), 3 survivors (3072K)
 Metaspace       used 72690K, committed 73472K, reserved 1114112K
  class space    used 10544K, committed 10880K, reserved 1048576K
}
Event: 17.297 GC heap after
{Heap after GC invocations=40 (full 0):
 garbage-first heap   total 109568K, used 67853K [0x000000008ac00000, 0x0000000100000000)
  region size 1024K, 2 young (2048K), 2 survivors (2048K)
 Metaspace       used 72690K, committed 73472K, reserved 1114112K
  class space    used 10544K, committed 10880K, reserved 1048576K
}
Event: 17.600 GC heap before
{Heap before GC invocations=41 (full 0):
 garbage-first heap   total 109568K, used 93453K [0x000000008ac00000, 0x0000000100000000)
  region size 1024K, 27 young (27648K), 2 survivors (2048K)
 Metaspace       used 73033K, committed 73856K, reserved 1114112K
  class space    used 10579K, committed 10944K, reserved 1048576K
}
Event: 17.603 GC heap after
{Heap after GC invocations=42 (full 0):
 garbage-first heap   total 109568K, used 69584K [0x000000008ac00000, 0x0000000100000000)
  region size 1024K, 4 young (4096K), 4 survivors (4096K)
 Metaspace       used 73033K, committed 73856K, reserved 1114112K
  class space    used 10579K, committed 10944K, reserved 1048576K
}
Event: 17.944 GC heap before
{Heap before GC invocations=42 (full 0):
 garbage-first heap   total 109568K, used 95184K [0x000000008ac00000, 0x0000000100000000)
  region size 1024K, 29 young (29696K), 4 survivors (4096K)
 Metaspace       used 73689K, committed 74432K, reserved 1114112K
  class space    used 10673K, committed 11008K, reserved 1048576K
}

